#
# There is insufficient memory for the Java Runtime Environment to continue.
# Native memory allocation (malloc) failed to allocate 813936 bytes for Chunk::new
# Possible reasons:
#   The system is out of physical RAM or swap space
#   The process is running with CompressedOops enabled, and the Java Heap may be blocking the growth of the native heap
# Possible solutions:
#   Reduce memory load on the system
#   Increase physical memory or swap space
#   Check if swap backing store is full
#   Decrease Java heap size (-Xmx/-Xms)
#   Decrease number of Java threads
#   Decrease Java thread stack sizes (-Xss)
#   Set larger code cache with -XX:ReservedCodeCacheSize=
#   JVM is running with Unscaled Compressed Oops mode in which the Java heap is
#     placed in the first 4GB address space. The Java Heap base address is the
#     maximum limit for the native heap growth. Please use -XX:HeapBaseMinAddress
#     to set the Java Heap base and to place the Java Heap above 4GB virtual address.
# This output file may be truncated or incomplete.
#
#  Out of Memory Error (arena.cpp:189), pid=6220, tid=23124
#
# JRE version: OpenJDK Runtime Environment Temurin-17.0.7+7 (17.0.7+7) (build 17.0.7+7)
# Java VM: OpenJDK 64-Bit Server VM Temurin-17.0.7+7 (17.0.7+7, mixed mode, tiered, compressed oops, compressed class ptrs, g1 gc, windows-amd64)
# No core dump will be written. Minidumps are not enabled by default on client versions of Windows
#

---------------  S U M M A R Y ------------

Command Line: -Dfile.encoding=UTF-8 -XX:+ShowCodeDetailsInExceptionMessages FunctionalTesting.FunctionalTesting

Host: Intel(R) Core(TM) i3-1005G1 CPU @ 1.20GHz, 4 cores, 3G,  Windows 11 , 64 bit Build 22621 (10.0.22621.3085)
Time: Sun Mar 10 15:39:37 2024 India Standard Time elapsed time: 6.206002 seconds (0d 0h 0m 6s)

---------------  T H R E A D  ---------------

Current thread (0x000001dc30a7cfe0):  JavaThread "C2 CompilerThread0" daemon [_thread_in_native, id=23124, stack(0x0000006b87600000,0x0000006b87700000)]


Current CompileTask:
C2:   6206 1694       4       java.lang.invoke.MethodType::makeImpl (109 bytes)

Stack: [0x0000006b87600000,0x0000006b87700000]
Native frames: (J=compiled Java code, j=interpreted, Vv=VM code, C=native code)
V  [jvm.dll+0x67754a]
V  [jvm.dll+0x834304]
V  [jvm.dll+0x835aae]
V  [jvm.dll+0x836113]
V  [jvm.dll+0x24696f]
V  [jvm.dll+0xac0ac]
V  [jvm.dll+0xac67c]
V  [jvm.dll+0x2adbef]
V  [jvm.dll+0x580067]
V  [jvm.dll+0x221e72]
V  [jvm.dll+0x21b152]
V  [jvm.dll+0x21895b]
V  [jvm.dll+0x1a4d8d]
V  [jvm.dll+0x2284da]
V  [jvm.dll+0x226615]
V  [jvm.dll+0x7ea90b]
V  [jvm.dll+0x7e4e7a]
V  [jvm.dll+0x676395]
C  [ucrtbase.dll+0x29363]
C  [KERNEL32.DLL+0x1257d]
C  [ntdll.dll+0x5aa58]


---------------  P R O C E S S  ---------------

Threads class SMR info:
_java_thread_list=0x000001dc35c170d0, length=26, elements={
0x000001dc178cdff0, 0x000001dc30a26110, 0x000001dc30a276e0, 0x000001dc30a6d4e0,
0x000001dc30a6e090, 0x000001dc30a6f3e0, 0x000001dc30a782f0, 0x000001dc30a7cfe0,
0x000001dc30a7da80, 0x000001dc30a90b60, 0x000001dc30ce8a30, 0x000001dc30d03420,
0x000001dc353fea40, 0x000001dc356667d0, 0x000001dc35b54730, 0x000001dc35ba4360,
0x000001dc35ba4830, 0x000001dc35ba4d00, 0x000001dc357d4890, 0x000001dc357d3ef0,
0x000001dc357d6a40, 0x000001dc357d5230, 0x000001dc357d43c0, 0x000001dc357d5700,
0x000001dc357d5bd0, 0x000001dc357d6570
}

Java Threads: ( => current thread )
  0x000001dc178cdff0 JavaThread "main" [_thread_blocked, id=9244, stack(0x0000006b86800000,0x0000006b86900000)]
  0x000001dc30a26110 JavaThread "Reference Handler" daemon [_thread_blocked, id=24536, stack(0x0000006b86f00000,0x0000006b87000000)]
  0x000001dc30a276e0 JavaThread "Finalizer" daemon [_thread_blocked, id=15132, stack(0x0000006b87000000,0x0000006b87100000)]
  0x000001dc30a6d4e0 JavaThread "Signal Dispatcher" daemon [_thread_blocked, id=24080, stack(0x0000006b87200000,0x0000006b87300000)]
  0x000001dc30a6e090 JavaThread "Attach Listener" daemon [_thread_blocked, id=20528, stack(0x0000006b87300000,0x0000006b87400000)]
  0x000001dc30a6f3e0 JavaThread "Service Thread" daemon [_thread_blocked, id=14824, stack(0x0000006b87400000,0x0000006b87500000)]
  0x000001dc30a782f0 JavaThread "Monitor Deflation Thread" daemon [_thread_blocked, id=22548, stack(0x0000006b87500000,0x0000006b87600000)]
=>0x000001dc30a7cfe0 JavaThread "C2 CompilerThread0" daemon [_thread_in_native, id=23124, stack(0x0000006b87600000,0x0000006b87700000)]
  0x000001dc30a7da80 JavaThread "C1 CompilerThread0" daemon [_thread_blocked, id=22628, stack(0x0000006b87700000,0x0000006b87800000)]
  0x000001dc30a90b60 JavaThread "Sweeper thread" daemon [_thread_blocked, id=19688, stack(0x0000006b87800000,0x0000006b87900000)]
  0x000001dc30ce8a30 JavaThread "Notification Thread" daemon [_thread_blocked, id=14084, stack(0x0000006b87900000,0x0000006b87a00000)]
  0x000001dc30d03420 JavaThread "Common-Cleaner" daemon [_thread_blocked, id=23340, stack(0x0000006b87b00000,0x0000006b87c00000)]
  0x000001dc353fea40 JavaThread "ForkJoinPool.commonPool-worker-1" daemon [_thread_blocked, id=23336, stack(0x0000006b87c00000,0x0000006b87d00000)]
  0x000001dc356667d0 JavaThread "HttpClient-1-SelectorManager" daemon [_thread_in_native, id=18588, stack(0x0000006b88000000,0x0000006b88100000)]
  0x000001dc35b54730 JavaThread "External Process Output Forwarder - C:\Users\Lenovo\.cache\selenium\chromedriver\win64\122.0.6261.111\chromedriver.exe" [_thread_in_native, id=576, stack(0x0000006b88100000,0x0000006b88200000)]
  0x000001dc35ba4360 JavaThread "Driver Service Executor" daemon [_thread_blocked, id=22964, stack(0x0000006b88200000,0x0000006b88300000)]
  0x000001dc35ba4830 JavaThread "Driver Service Executor" daemon [_thread_in_native, id=20888, stack(0x0000006b88300000,0x0000006b88400000)]
  0x000001dc35ba4d00 JavaThread "UrlChecker-2" daemon [_thread_blocked, id=21384, stack(0x0000006b88400000,0x0000006b88500000)]
  0x000001dc357d4890 JavaThread "Keep-Alive-Timer" daemon [_thread_blocked, id=10592, stack(0x0000006b88600000,0x0000006b88700000)]
  0x000001dc357d3ef0 JavaThread "pool-1-thread-1" [_thread_blocked, id=23500, stack(0x0000006b88700000,0x0000006b88800000)]
  0x000001dc357d6a40 JavaThread "pool-1-thread-2" [_thread_blocked, id=23808, stack(0x0000006b88800000,0x0000006b88900000)]
  0x000001dc357d5230 JavaThread "pool-1-thread-3" [_thread_blocked, id=22760, stack(0x0000006b88900000,0x0000006b88a00000)]
  0x000001dc357d43c0 JavaThread "HttpClient-2-SelectorManager" daemon [_thread_in_native, id=17916, stack(0x0000006b88a00000,0x0000006b88b00000)]
  0x000001dc357d5700 JavaThread "pool-2-thread-1" [_thread_in_vm, id=23524, stack(0x0000006b88b00000,0x0000006b88c00000)]
  0x000001dc357d5bd0 JavaThread "pool-2-thread-2" [_thread_new, id=23324, stack(0x0000000000000000,0x0000000000000000)]
  0x000001dc357d6570 JavaThread "pool-2-thread-3" [_thread_new, id=13060, stack(0x0000000000000000,0x0000000000000000)]

Other Threads:
  0x000001dc309d4fa0 VMThread "VM Thread" [stack: 0x0000006b86e00000,0x0000006b86f00000] [id=23440]
  0x000001dc30ceaf10 WatcherThread [stack: 0x0000006b87a00000,0x0000006b87b00000] [id=11112]
  0x000001dc19ab5870 GCTaskThread "GC Thread#0" [stack: 0x0000006b86900000,0x0000006b86a00000] [id=22408]
  0x000001dc3569a040 GCTaskThread "GC Thread#1" [stack: 0x0000006b87d00000,0x0000006b87e00000] [id=24528]
  0x000001dc356ab570 GCTaskThread "GC Thread#2" [stack: 0x0000006b87e00000,0x0000006b87f00000] [id=23300]
  0x000001dc356ab820 GCTaskThread "GC Thread#3" [stack: 0x0000006b87f00000,0x0000006b88000000] [id=22764]
  0x000001dc19abe170 ConcurrentGCThread "G1 Main Marker" [stack: 0x0000006b86a00000,0x0000006b86b00000] [id=22668]
  0x000001dc19abf320 ConcurrentGCThread "G1 Conc#0" [stack: 0x0000006b86b00000,0x0000006b86c00000] [id=2144]
  0x000001dc19afc650 ConcurrentGCThread "G1 Refine#0" [stack: 0x0000006b86c00000,0x0000006b86d00000] [id=4408]
  0x000001dc19afd810 ConcurrentGCThread "G1 Service" [stack: 0x0000006b86d00000,0x0000006b86e00000] [id=21792]

Threads with active compile tasks:
C2 CompilerThread0     6231 1694       4       java.lang.invoke.MethodType::makeImpl (109 bytes)

VM state: not at safepoint (normal execution)

VM Mutex/Monitor currently owned by a thread: None

Heap address: 0x00000000c3200000, size: 974 MB, Compressed Oops mode: 32-bit

CDS archive(s) not mapped
Compressed class space mapped at: 0x0000000100000000-0x0000000140000000, reserved size: 1073741824
Narrow klass base: 0x0000000000000000, Narrow klass shift: 3, Narrow klass range: 0x140000000

GC Precious Log:
 CPUs: 4 total, 4 available
 Memory: 3891M
 Large Page Support: Disabled
 NUMA Support: Disabled
 Compressed Oops: Enabled (32-bit)
 Heap Region Size: 1M
 Heap Min Capacity: 8M
 Heap Initial Capacity: 62M
 Heap Max Capacity: 974M
 Pre-touch: Disabled
 Parallel Workers: 4
 Concurrent Workers: 1
 Concurrent Refinement Workers: 4
 Periodic GC: Disabled

Heap:
 garbage-first heap   total 63488K, used 20387K [0x00000000c3200000, 0x0000000100000000)
  region size 1024K, 16 young (16384K), 2 survivors (2048K)
 Metaspace       used 20742K, committed 20928K, reserved 1114112K
  class space    used 2260K, committed 2368K, reserved 1048576K

Heap Regions: E=young(eden), S=young(survivor), O=old, HS=humongous(starts), HC=humongous(continues), CS=collection set, F=free, OA=open archive, CA=closed archive, TAMS=top-at-mark-start (previous, next)
|   0|0x00000000c3200000, 0x00000000c3300000, 0x00000000c3300000|100%| O|  |TAMS 0x00000000c3200000, 0x00000000c3200000| Untracked 
|   1|0x00000000c3300000, 0x00000000c3400000, 0x00000000c3400000|100%| O|  |TAMS 0x00000000c3300000, 0x00000000c3300000| Untracked 
|   2|0x00000000c3400000, 0x00000000c3500000, 0x00000000c3500000|100%| O|  |TAMS 0x00000000c3400000, 0x00000000c3400000| Untracked 
|   3|0x00000000c3500000, 0x00000000c3600000, 0x00000000c3600000|100%| O|  |TAMS 0x00000000c3500000, 0x00000000c3500000| Untracked 
|   4|0x00000000c3600000, 0x00000000c36e8c00, 0x00000000c3700000| 90%| O|  |TAMS 0x00000000c3600000, 0x00000000c3600000| Untracked 
|   5|0x00000000c3700000, 0x00000000c3700000, 0x00000000c3800000|  0%| F|  |TAMS 0x00000000c3700000, 0x00000000c3700000| Untracked 
|   6|0x00000000c3800000, 0x00000000c3800000, 0x00000000c3900000|  0%| F|  |TAMS 0x00000000c3800000, 0x00000000c3800000| Untracked 
|   7|0x00000000c3900000, 0x00000000c3900000, 0x00000000c3a00000|  0%| F|  |TAMS 0x00000000c3900000, 0x00000000c3900000| Untracked 
|   8|0x00000000c3a00000, 0x00000000c3a00000, 0x00000000c3b00000|  0%| F|  |TAMS 0x00000000c3a00000, 0x00000000c3a00000| Untracked 
|   9|0x00000000c3b00000, 0x00000000c3b00000, 0x00000000c3c00000|  0%| F|  |TAMS 0x00000000c3b00000, 0x00000000c3b00000| Untracked 
|  10|0x00000000c3c00000, 0x00000000c3c00000, 0x00000000c3d00000|  0%| F|  |TAMS 0x00000000c3c00000, 0x00000000c3c00000| Untracked 
|  11|0x00000000c3d00000, 0x00000000c3d00000, 0x00000000c3e00000|  0%| F|  |TAMS 0x00000000c3d00000, 0x00000000c3d00000| Untracked 
|  12|0x00000000c3e00000, 0x00000000c3e00000, 0x00000000c3f00000|  0%| F|  |TAMS 0x00000000c3e00000, 0x00000000c3e00000| Untracked 
|  13|0x00000000c3f00000, 0x00000000c3f00000, 0x00000000c4000000|  0%| F|  |TAMS 0x00000000c3f00000, 0x00000000c3f00000| Untracked 
|  14|0x00000000c4000000, 0x00000000c4000000, 0x00000000c4100000|  0%| F|  |TAMS 0x00000000c4000000, 0x00000000c4000000| Untracked 
|  15|0x00000000c4100000, 0x00000000c4100000, 0x00000000c4200000|  0%| F|  |TAMS 0x00000000c4100000, 0x00000000c4100000| Untracked 
|  16|0x00000000c4200000, 0x00000000c4200000, 0x00000000c4300000|  0%| F|  |TAMS 0x00000000c4200000, 0x00000000c4200000| Untracked 
|  17|0x00000000c4300000, 0x00000000c4300000, 0x00000000c4400000|  0%| F|  |TAMS 0x00000000c4300000, 0x00000000c4300000| Untracked 
|  18|0x00000000c4400000, 0x00000000c4400000, 0x00000000c4500000|  0%| F|  |TAMS 0x00000000c4400000, 0x00000000c4400000| Untracked 
|  19|0x00000000c4500000, 0x00000000c4500000, 0x00000000c4600000|  0%| F|  |TAMS 0x00000000c4500000, 0x00000000c4500000| Untracked 
|  20|0x00000000c4600000, 0x00000000c4600000, 0x00000000c4700000|  0%| F|  |TAMS 0x00000000c4600000, 0x00000000c4600000| Untracked 
|  21|0x00000000c4700000, 0x00000000c4700000, 0x00000000c4800000|  0%| F|  |TAMS 0x00000000c4700000, 0x00000000c4700000| Untracked 
|  22|0x00000000c4800000, 0x00000000c4800000, 0x00000000c4900000|  0%| F|  |TAMS 0x00000000c4800000, 0x00000000c4800000| Untracked 
|  23|0x00000000c4900000, 0x00000000c4900000, 0x00000000c4a00000|  0%| F|  |TAMS 0x00000000c4900000, 0x00000000c4900000| Untracked 
|  24|0x00000000c4a00000, 0x00000000c4a00000, 0x00000000c4b00000|  0%| F|  |TAMS 0x00000000c4a00000, 0x00000000c4a00000| Untracked 
|  25|0x00000000c4b00000, 0x00000000c4b00000, 0x00000000c4c00000|  0%| F|  |TAMS 0x00000000c4b00000, 0x00000000c4b00000| Untracked 
|  26|0x00000000c4c00000, 0x00000000c4c00000, 0x00000000c4d00000|  0%| F|  |TAMS 0x00000000c4c00000, 0x00000000c4c00000| Untracked 
|  27|0x00000000c4d00000, 0x00000000c4d00000, 0x00000000c4e00000|  0%| F|  |TAMS 0x00000000c4d00000, 0x00000000c4d00000| Untracked 
|  28|0x00000000c4e00000, 0x00000000c4e00000, 0x00000000c4f00000|  0%| F|  |TAMS 0x00000000c4e00000, 0x00000000c4e00000| Untracked 
|  29|0x00000000c4f00000, 0x00000000c4f00000, 0x00000000c5000000|  0%| F|  |TAMS 0x00000000c4f00000, 0x00000000c4f00000| Untracked 
|  30|0x00000000c5000000, 0x00000000c5000000, 0x00000000c5100000|  0%| F|  |TAMS 0x00000000c5000000, 0x00000000c5000000| Untracked 
|  31|0x00000000c5100000, 0x00000000c5100000, 0x00000000c5200000|  0%| F|  |TAMS 0x00000000c5100000, 0x00000000c5100000| Untracked 
|  32|0x00000000c5200000, 0x00000000c5200000, 0x00000000c5300000|  0%| F|  |TAMS 0x00000000c5200000, 0x00000000c5200000| Untracked 
|  33|0x00000000c5300000, 0x00000000c5300000, 0x00000000c5400000|  0%| F|  |TAMS 0x00000000c5300000, 0x00000000c5300000| Untracked 
|  34|0x00000000c5400000, 0x00000000c5400000, 0x00000000c5500000|  0%| F|  |TAMS 0x00000000c5400000, 0x00000000c5400000| Untracked 
|  35|0x00000000c5500000, 0x00000000c5500000, 0x00000000c5600000|  0%| F|  |TAMS 0x00000000c5500000, 0x00000000c5500000| Untracked 
|  36|0x00000000c5600000, 0x00000000c5600000, 0x00000000c5700000|  0%| F|  |TAMS 0x00000000c5600000, 0x00000000c5600000| Untracked 
|  37|0x00000000c5700000, 0x00000000c5700000, 0x00000000c5800000|  0%| F|  |TAMS 0x00000000c5700000, 0x00000000c5700000| Untracked 
|  38|0x00000000c5800000, 0x00000000c5800000, 0x00000000c5900000|  0%| F|  |TAMS 0x00000000c5800000, 0x00000000c5800000| Untracked 
|  39|0x00000000c5900000, 0x00000000c5900000, 0x00000000c5a00000|  0%| F|  |TAMS 0x00000000c5900000, 0x00000000c5900000| Untracked 
|  40|0x00000000c5a00000, 0x00000000c5a00000, 0x00000000c5b00000|  0%| F|  |TAMS 0x00000000c5a00000, 0x00000000c5a00000| Untracked 
|  41|0x00000000c5b00000, 0x00000000c5b00000, 0x00000000c5c00000|  0%| F|  |TAMS 0x00000000c5b00000, 0x00000000c5b00000| Untracked 
|  42|0x00000000c5c00000, 0x00000000c5c00000, 0x00000000c5d00000|  0%| F|  |TAMS 0x00000000c5c00000, 0x00000000c5c00000| Untracked 
|  43|0x00000000c5d00000, 0x00000000c5d00000, 0x00000000c5e00000|  0%| F|  |TAMS 0x00000000c5d00000, 0x00000000c5d00000| Untracked 
|  44|0x00000000c5e00000, 0x00000000c5e00000, 0x00000000c5f00000|  0%| F|  |TAMS 0x00000000c5e00000, 0x00000000c5e00000| Untracked 
|  45|0x00000000c5f00000, 0x00000000c5f00000, 0x00000000c6000000|  0%| F|  |TAMS 0x00000000c5f00000, 0x00000000c5f00000| Untracked 
|  46|0x00000000c6000000, 0x00000000c6100000, 0x00000000c6100000|100%| S|CS|TAMS 0x00000000c6000000, 0x00000000c6000000| Complete 
|  47|0x00000000c6100000, 0x00000000c6133b60, 0x00000000c6200000| 20%| E|  |TAMS 0x00000000c6100000, 0x00000000c6100000| Complete 
|  48|0x00000000c6200000, 0x00000000c6300000, 0x00000000c6300000|100%| E|CS|TAMS 0x00000000c6200000, 0x00000000c6200000| Complete 
|  49|0x00000000c6300000, 0x00000000c6400000, 0x00000000c6400000|100%| S|CS|TAMS 0x00000000c6300000, 0x00000000c6300000| Complete 
|  50|0x00000000c6400000, 0x00000000c6500000, 0x00000000c6500000|100%| E|CS|TAMS 0x00000000c6400000, 0x00000000c6400000| Complete 
|  51|0x00000000c6500000, 0x00000000c6600000, 0x00000000c6600000|100%| E|CS|TAMS 0x00000000c6500000, 0x00000000c6500000| Complete 
|  52|0x00000000c6600000, 0x00000000c6700000, 0x00000000c6700000|100%| E|CS|TAMS 0x00000000c6600000, 0x00000000c6600000| Complete 
|  53|0x00000000c6700000, 0x00000000c6800000, 0x00000000c6800000|100%| E|CS|TAMS 0x00000000c6700000, 0x00000000c6700000| Complete 
|  54|0x00000000c6800000, 0x00000000c6900000, 0x00000000c6900000|100%| E|CS|TAMS 0x00000000c6800000, 0x00000000c6800000| Complete 
|  55|0x00000000c6900000, 0x00000000c6a00000, 0x00000000c6a00000|100%| E|CS|TAMS 0x00000000c6900000, 0x00000000c6900000| Complete 
|  56|0x00000000c6a00000, 0x00000000c6b00000, 0x00000000c6b00000|100%| E|CS|TAMS 0x00000000c6a00000, 0x00000000c6a00000| Complete 
|  57|0x00000000c6b00000, 0x00000000c6c00000, 0x00000000c6c00000|100%| E|CS|TAMS 0x00000000c6b00000, 0x00000000c6b00000| Complete 
|  58|0x00000000c6c00000, 0x00000000c6d00000, 0x00000000c6d00000|100%| E|CS|TAMS 0x00000000c6c00000, 0x00000000c6c00000| Complete 
|  59|0x00000000c6d00000, 0x00000000c6e00000, 0x00000000c6e00000|100%| E|CS|TAMS 0x00000000c6d00000, 0x00000000c6d00000| Complete 
|  60|0x00000000c6e00000, 0x00000000c6f00000, 0x00000000c6f00000|100%| E|CS|TAMS 0x00000000c6e00000, 0x00000000c6e00000| Complete 
|  61|0x00000000c6f00000, 0x00000000c7000000, 0x00000000c7000000|100%| E|CS|TAMS 0x00000000c6f00000, 0x00000000c6f00000| Complete 

Card table byte_map: [0x000001dc2c310000,0x000001dc2c500000] _byte_map_base: 0x000001dc2bcf7000

Marking Bits (Prev, Next): (CMBitMap*) 0x000001dc19ab5e80, (CMBitMap*) 0x000001dc19ab5ec0
 Prev Bits: [0x000001dc2c6f0000, 0x000001dc2d628000)
 Next Bits: [0x000001dc2d630000, 0x000001dc2e568000)

Polling page: 0x000001dc177c0000

Metaspace:

Usage:
  Non-class:     18.05 MB used.
      Class:      2.21 MB used.
       Both:     20.26 MB used.

Virtual space:
  Non-class space:       64.00 MB reserved,      18.12 MB ( 28%) committed,  1 nodes.
      Class space:        1.00 GB reserved,       2.31 MB ( <1%) committed,  1 nodes.
             Both:        1.06 GB reserved,      20.44 MB (  2%) committed. 

Chunk freelists:
   Non-Class:  13.25 MB
       Class:  13.70 MB
        Both:  26.95 MB

MaxMetaspaceSize: unlimited
CompressedClassSpaceSize: 1.00 GB
Initial GC threshold: 21.00 MB
Current GC threshold: 21.00 MB
CDS: off
MetaspaceReclaimPolicy: balanced
 - commit_granule_bytes: 65536.
 - commit_granule_words: 8192.
 - virtual_space_node_default_size: 8388608.
 - enlarge_chunks_in_place: 1.
 - new_chunks_are_fully_committed: 0.
 - uncommit_free_chunks: 1.
 - use_allocation_guard: 0.
 - handle_deallocations: 1.


Internal statistics:

num_allocs_failed_limit: 0.
num_arena_births: 202.
num_arena_deaths: 0.
num_vsnodes_births: 2.
num_vsnodes_deaths: 0.
num_space_committed: 327.
num_space_uncommitted: 0.
num_chunks_returned_to_freelist: 0.
num_chunks_taken_from_freelist: 508.
num_chunk_merges: 0.
num_chunk_splits: 292.
num_chunks_enlarged: 195.
num_inconsistent_stats: 0.

CodeHeap 'non-profiled nmethods': size=120000Kb used=545Kb max_used=545Kb free=119454Kb
 bounds [0x000001dc24bf0000, 0x000001dc24e60000, 0x000001dc2c120000]
CodeHeap 'profiled nmethods': size=120000Kb used=3156Kb max_used=3156Kb free=116843Kb
 bounds [0x000001dc1d120000, 0x000001dc1d440000, 0x000001dc24650000]
CodeHeap 'non-nmethods': size=5760Kb used=1228Kb max_used=1247Kb free=4531Kb
 bounds [0x000001dc24650000, 0x000001dc248c0000, 0x000001dc24bf0000]
 total_blobs=2220 nmethods=1700 adapters=433
 compilation: enabled
              stopped_count=0, restarted_count=0
 full_count=0

Compilation events (20 events):
Event: 6.131 Thread 0x000001dc30a7da80 1691       3       com.google.common.base.AbstractIterator::next (37 bytes)
Event: 6.131 Thread 0x000001dc30a7da80 nmethod 1691 0x000001dc1d431610 code [0x000001dc1d4317e0, 0x000001dc1d431b38]
Event: 6.131 Thread 0x000001dc30a7da80 1692       3       com.google.common.collect.ImmutableList$Builder::add (6 bytes)
Event: 6.131 Thread 0x000001dc30a7da80 nmethod 1692 0x000001dc1d431c90 code [0x000001dc1d431e20, 0x000001dc1d431f68]
Event: 6.131 Thread 0x000001dc30a7cfe0 nmethod 1686 0x000001dc24c76010 code [0x000001dc24c761e0, 0x000001dc24c777c8]
Event: 6.131 Thread 0x000001dc30a7da80 1693       3       com.google.common.collect.ImmutableList$Builder::getReadyToExpandTo (66 bytes)
Event: 6.131 Thread 0x000001dc30a7da80 nmethod 1693 0x000001dc1d432010 code [0x000001dc1d432200, 0x000001dc1d432648]
Event: 6.134 Thread 0x000001dc30a7cfe0 1694       4       java.lang.invoke.MethodType::makeImpl (109 bytes)
Event: 6.144 Thread 0x000001dc30a7da80 1695       3       jdk.internal.loader.URLClassPath$JarLoader::findResource (18 bytes)
Event: 6.144 Thread 0x000001dc30a7da80 nmethod 1695 0x000001dc1d432810 code [0x000001dc1d4329c0, 0x000001dc1d432c38]
Event: 6.144 Thread 0x000001dc30a7da80 1696       3       java.util.stream.StreamOpFlag::isKnown (19 bytes)
Event: 6.144 Thread 0x000001dc30a7da80 nmethod 1696 0x000001dc1d432d10 code [0x000001dc1d432ea0, 0x000001dc1d433018]
Event: 6.151 Thread 0x000001dc30a7da80 1697       1       java.util.concurrent.CopyOnWriteArrayList::setArray (6 bytes)
Event: 6.151 Thread 0x000001dc30a7da80 nmethod 1697 0x000001dc24c77f90 code [0x000001dc24c78120, 0x000001dc24c78238]
Event: 6.151 Thread 0x000001dc30a7da80 1698       3       java.net.URI$Parser::at (23 bytes)
Event: 6.152 Thread 0x000001dc30a7da80 nmethod 1698 0x000001dc1d433090 code [0x000001dc1d433280, 0x000001dc1d4338b8]
Event: 6.152 Thread 0x000001dc30a7da80 1699       3       java.util.Arrays::copyOfRange (90 bytes)
Event: 6.153 Thread 0x000001dc30a7da80 nmethod 1699 0x000001dc1d433b90 code [0x000001dc1d433e40, 0x000001dc1d434af8]
Event: 6.166 Thread 0x000001dc30a7da80 1700       1       java.util.concurrent.locks.AbstractOwnableSynchronizer::getExclusiveOwnerThread (5 bytes)
Event: 6.166 Thread 0x000001dc30a7da80 nmethod 1700 0x000001dc24c78290 code [0x000001dc24c78420, 0x000001dc24c784f8]

GC Heap History (4 events):
Event: 3.744 GC heap before
{Heap before GC invocations=0 (full 0):
 garbage-first heap   total 63488K, used 12288K [0x00000000c3200000, 0x0000000100000000)
  region size 1024K, 13 young (13312K), 0 survivors (0K)
 Metaspace       used 11839K, committed 12032K, reserved 1114112K
  class space    used 1191K, committed 1280K, reserved 1048576K
}
Event: 3.750 GC heap after
{Heap after GC invocations=1 (full 0):
 garbage-first heap   total 63488K, used 5136K [0x00000000c3200000, 0x0000000100000000)
  region size 1024K, 2 young (2048K), 2 survivors (2048K)
 Metaspace       used 11839K, committed 12032K, reserved 1114112K
  class space    used 1191K, committed 1280K, reserved 1048576K
}
Event: 4.275 GC heap before
{Heap before GC invocations=1 (full 0):
 garbage-first heap   total 63488K, used 17424K [0x00000000c3200000, 0x0000000100000000)
  region size 1024K, 14 young (14336K), 2 survivors (2048K)
 Metaspace       used 17526K, committed 17728K, reserved 1114112K
  class space    used 1804K, committed 1856K, reserved 1048576K
}
Event: 4.279 GC heap after
{Heap after GC invocations=2 (full 0):
 garbage-first heap   total 63488K, used 7075K [0x00000000c3200000, 0x0000000100000000)
  region size 1024K, 2 young (2048K), 2 survivors (2048K)
 Metaspace       used 17526K, committed 17728K, reserved 1114112K
  class space    used 1804K, committed 1856K, reserved 1048576K
}

Dll operation events (6 events):
Event: 0.094 Loaded shared library C:\Users\Lenovo\OneDrive\Desktop\New folder (3)\eclipse\plugins\org.eclipse.justj.openjdk.hotspot.jre.full.win32.x86_64_17.0.7.v20230425-1502\jre\bin\java.dll
Event: 0.335 Loaded shared library C:\Users\Lenovo\OneDrive\Desktop\New folder (3)\eclipse\plugins\org.eclipse.justj.openjdk.hotspot.jre.full.win32.x86_64_17.0.7.v20230425-1502\jre\bin\net.dll
Event: 0.339 Loaded shared library C:\Users\Lenovo\OneDrive\Desktop\New folder (3)\eclipse\plugins\org.eclipse.justj.openjdk.hotspot.jre.full.win32.x86_64_17.0.7.v20230425-1502\jre\bin\nio.dll
Event: 0.345 Loaded shared library C:\Users\Lenovo\OneDrive\Desktop\New folder (3)\eclipse\plugins\org.eclipse.justj.openjdk.hotspot.jre.full.win32.x86_64_17.0.7.v20230425-1502\jre\bin\zip.dll
Event: 0.474 Loaded shared library C:\Users\Lenovo\OneDrive\Desktop\New folder (3)\eclipse\plugins\org.eclipse.justj.openjdk.hotspot.jre.full.win32.x86_64_17.0.7.v20230425-1502\jre\bin\jimage.dll
Event: 3.729 Loaded shared library C:\Users\Lenovo\OneDrive\Desktop\New folder (3)\eclipse\plugins\org.eclipse.justj.openjdk.hotspot.jre.full.win32.x86_64_17.0.7.v20230425-1502\jre\bin\sunmscapi.dll

Deoptimization events (20 events):
Event: 4.366 Thread 0x000001dc178cdff0 DEOPT PACKING pc=0x000001dc24c6212c sp=0x0000006b868fa370
Event: 4.366 Thread 0x000001dc178cdff0 DEOPT UNPACKING pc=0x000001dc246aa1a3 sp=0x0000006b868fa2f8 mode 2
Event: 4.366 Thread 0x000001dc178cdff0 Uncommon trap: trap_request=0xffffffde fr.pc=0x000001dc24c6212c relative=0x000000000000010c
Event: 4.366 Thread 0x000001dc178cdff0 Uncommon trap: reason=class_check action=maybe_recompile pc=0x000001dc24c6212c method=jdk.internal.misc.Unsafe.allocateUninitializedArray(Ljava/lang/Class;I)Ljava/lang/Object; @ 51 c2
Event: 4.366 Thread 0x000001dc178cdff0 DEOPT PACKING pc=0x000001dc24c6212c sp=0x0000006b868f9f10
Event: 4.366 Thread 0x000001dc178cdff0 DEOPT UNPACKING pc=0x000001dc246aa1a3 sp=0x0000006b868f9e98 mode 2
Event: 4.367 Thread 0x000001dc178cdff0 Uncommon trap: trap_request=0xffffffde fr.pc=0x000001dc24c6212c relative=0x000000000000010c
Event: 4.367 Thread 0x000001dc178cdff0 Uncommon trap: reason=class_check action=maybe_recompile pc=0x000001dc24c6212c method=jdk.internal.misc.Unsafe.allocateUninitializedArray(Ljava/lang/Class;I)Ljava/lang/Object; @ 51 c2
Event: 4.367 Thread 0x000001dc178cdff0 DEOPT PACKING pc=0x000001dc24c6212c sp=0x0000006b868fa370
Event: 4.367 Thread 0x000001dc178cdff0 DEOPT UNPACKING pc=0x000001dc246aa1a3 sp=0x0000006b868fa2f8 mode 2
Event: 4.367 Thread 0x000001dc178cdff0 Uncommon trap: trap_request=0xffffffde fr.pc=0x000001dc24c6212c relative=0x000000000000010c
Event: 4.367 Thread 0x000001dc178cdff0 Uncommon trap: reason=class_check action=maybe_recompile pc=0x000001dc24c6212c method=jdk.internal.misc.Unsafe.allocateUninitializedArray(Ljava/lang/Class;I)Ljava/lang/Object; @ 51 c2
Event: 4.367 Thread 0x000001dc178cdff0 DEOPT PACKING pc=0x000001dc24c6212c sp=0x0000006b868f9f10
Event: 4.367 Thread 0x000001dc178cdff0 DEOPT UNPACKING pc=0x000001dc246aa1a3 sp=0x0000006b868f9e98 mode 2
Event: 6.056 Thread 0x000001dc178cdff0 Uncommon trap: trap_request=0xffffffde fr.pc=0x000001dc24c573e0 relative=0x00000000000008c0
Event: 6.056 Thread 0x000001dc178cdff0 Uncommon trap: reason=class_check action=maybe_recompile pc=0x000001dc24c573e0 method=java.util.HashMap.putVal(ILjava/lang/Object;Ljava/lang/Object;ZZ)Ljava/lang/Object; @ 253 c2
Event: 6.057 Thread 0x000001dc178cdff0 DEOPT PACKING pc=0x000001dc24c573e0 sp=0x0000006b868fe3f0
Event: 6.057 Thread 0x000001dc178cdff0 DEOPT UNPACKING pc=0x000001dc246aa1a3 sp=0x0000006b868fe328 mode 2
Event: 6.114 Thread 0x000001dc178cdff0 DEOPT PACKING pc=0x000001dc1d3b0f69 sp=0x0000006b868fdb60
Event: 6.114 Thread 0x000001dc178cdff0 DEOPT UNPACKING pc=0x000001dc246aace3 sp=0x0000006b868fd070 mode 0

Classes unloaded (0 events):
No events

Classes redefined (0 events):
No events

Internal exceptions (20 events):
Event: 3.801 Thread 0x000001dc178cdff0 Exception <a 'java/lang/IncompatibleClassChangeError'{0x00000000c6e18b88}: Found class java.lang.Object, but interface was expected> (0x00000000c6e18b88) 
thrown [s\src\hotspot\share\interpreter\linkResolver.cpp, line 826]
Event: 3.911 Thread 0x000001dc178cdff0 Exception <a 'java/lang/NoSuchMethodError'{0x00000000c6800b90}: 'java.lang.Object java.lang.invoke.DirectMethodHandle$Holder.invokeStaticInit(java.lang.Object, int, int, int, int)'> (0x00000000c6800b90) 
thrown [s\src\hotspot\share\interpreter\linkResolver.cpp, line 759]
Event: 4.052 Thread 0x000001dc178cdff0 Exception <a 'java/lang/NoSuchMethodError'{0x00000000c68c9ea0}: 'java.lang.Object java.lang.invoke.DirectMethodHandle$Holder.invokeStaticInit(java.lang.Object, java.lang.Object, int, int, int, int)'> (0x00000000c68c9ea0) 
thrown [s\src\hotspot\share\interpreter\linkResolver.cpp, line 759]
Event: 4.160 Thread 0x000001dc178cdff0 Exception <a 'java/lang/NoSuchMethodError'{0x00000000c65564b0}: 'java.lang.Object java.lang.invoke.DirectMethodHandle$Holder.invokeInterface(java.lang.Object, java.lang.Object, java.lang.Object)'> (0x00000000c65564b0) 
thrown [s\src\hotspot\share\interpreter\linkResolver.cpp, line 759]
Event: 4.160 Thread 0x000001dc178cdff0 Exception <a 'java/lang/IncompatibleClassChangeError'{0x00000000c6559b78}: Found class java.lang.Object, but interface was expected> (0x00000000c6559b78) 
thrown [s\src\hotspot\share\interpreter\linkResolver.cpp, line 826]
Event: 4.162 Thread 0x000001dc178cdff0 Exception <a 'java/lang/NoSuchMethodError'{0x00000000c6561df8}: 'int java.lang.invoke.DirectMethodHandle$Holder.invokeSpecialIFC(java.lang.Object, java.lang.Object, java.lang.Object, java.lang.Object)'> (0x00000000c6561df8) 
thrown [s\src\hotspot\share\interpreter\linkResolver.cpp, line 759]
Event: 4.174 Thread 0x000001dc178cdff0 Exception <a 'java/lang/NoSuchMethodError'{0x00000000c65cba50}: 'java.lang.Object java.lang.invoke.DirectMethodHandle$Holder.invokeVirtual(java.lang.Object, java.lang.Object, java.lang.Object, java.lang.Object)'> (0x00000000c65cba50) 
thrown [s\src\hotspot\share\interpreter\linkResolver.cpp, line 759]
Event: 4.206 Thread 0x000001dc35ba4d00 Exception <a 'java/net/ConnectException'{0x00000000c6431c70}: Connection refused: no further information> (0x00000000c6431c70) 
thrown [s\src\hotspot\share\prims\jni.cpp, line 535]
Event: 4.206 Thread 0x000001dc35ba4d00 Exception <a 'java/net/SocketException'{0x00000000c6431fa8}: Socket is not connected: shutdown> (0x00000000c6431fa8) 
thrown [s\src\hotspot\share\prims\jni.cpp, line 535]
Event: 4.221 Thread 0x000001dc35ba4d00 Exception <a 'java/net/ConnectException'{0x00000000c6432fa0}: Connection refused: no further information> (0x00000000c6432fa0) 
thrown [s\src\hotspot\share\prims\jni.cpp, line 535]
Event: 4.221 Thread 0x000001dc35ba4d00 Exception <a 'java/net/SocketException'{0x00000000c64332d8}: Socket is not connected: shutdown> (0x00000000c64332d8) 
thrown [s\src\hotspot\share\prims\jni.cpp, line 535]
Event: 4.293 Thread 0x000001dc178cdff0 Exception <a 'java/lang/NoSuchMethodError'{0x00000000c6f9e350}: 'java.lang.Object java.lang.invoke.DirectMethodHandle$Holder.newInvokeSpecial(java.lang.Object, java.lang.Object, int, int)'> (0x00000000c6f9e350) 
thrown [s\src\hotspot\share\interpreter\linkResolver.cpp, line 759]
Event: 4.294 Thread 0x000001dc178cdff0 Exception <a 'java/lang/NoSuchMethodError'{0x00000000c6fa8df0}: 'void java.lang.invoke.DirectMethodHandle$Holder.invokeStatic(java.lang.Object, java.lang.Object, int)'> (0x00000000c6fa8df0) 
thrown [s\src\hotspot\share\interpreter\linkResolver.cpp, line 759]
Event: 4.318 Thread 0x000001dc178cdff0 Exception <a 'java/lang/NoSuchMethodError'{0x00000000c6eaa920}: 'java.lang.Object java.lang.invoke.DirectMethodHandle$Holder.newInvokeSpecial(java.lang.Object, java.lang.Object, java.lang.Object, java.lang.Object, java.lang.Object)'> (0x00000000c6eaa920) 
thrown [s\src\hotspot\share\interpreter\linkResolver.cpp, line 759]
Event: 4.378 Thread 0x000001dc178cdff0 Exception <a 'java/lang/NoSuchMethodError'{0x00000000c6b0c318}: 'void java.lang.invoke.DirectMethodHandle$Holder.invokeSpecial(java.lang.Object, java.lang.Object, java.lang.Object)'> (0x00000000c6b0c318) 
thrown [s\src\hotspot\share\interpreter\linkResolver.cpp, line 759]
Event: 4.421 Thread 0x000001dc357d3ef0 Exception <a 'java/lang/NoSuchMethodError'{0x00000000c69444f8}: 'java.lang.Object java.lang.invoke.DirectMethodHandle$Holder.invokeSpecial(java.lang.Object, java.lang.Object, java.lang.Object, java.lang.Object, int)'> (0x00000000c69444f8) 
thrown [s\src\hotspot\share\interpreter\linkResolver.cpp, line 759]
Event: 4.421 Thread 0x000001dc357d3ef0 Exception <a 'java/lang/NoSuchMethodError'{0x00000000c69480c0}: 'java.lang.Object java.lang.invoke.Invokers$Holder.linkToTargetMethod(java.lang.Object, java.lang.Object, int, java.lang.Object)'> (0x00000000c69480c0) 
thrown [s\src\hotspot\share\interpreter\linkResolver.cpp, line 759]
Event: 4.445 Thread 0x000001dc357d3ef0 Exception <a 'java/lang/NoSuchMethodError'{0x00000000c6895380}: 'void java.lang.invoke.DirectMethodHandle$Holder.invokeSpecial(java.lang.Object, java.lang.Object, java.lang.Object, java.lang.Object, java.lang.Object)'> (0x00000000c6895380) 
thrown [s\src\hotspot\share\interpreter\linkResolver.cpp, line 759]
Event: 5.878 Thread 0x000001dc357d3ef0 Exception <a 'java/lang/NoSuchMethodError'{0x00000000c6637920}: 'void java.lang.invoke.DirectMethodHandle$Holder.invokeSpecial(java.lang.Object, java.lang.Object, java.lang.Object, java.lang.Object, java.lang.Object, java.lang.Object, java.lang.Object)'> (0x00000000c6637920) 
thrown [s\src\hotspot\share\interpreter\linkResolver.cpp, line 759]
Event: 6.045 Thread 0x000001dc178cdff0 Exception <a 'java/lang/NoSuchMethodError'{0x00000000c65fa900}: 'java.lang.Object java.lang.invoke.DirectMethodHandle$Holder.invokeSpecialIFC(java.lang.Object, java.lang.Object, java.lang.Object)'> (0x00000000c65fa900) 
thrown [s\src\hotspot\share\interpreter\linkResolver.cpp, line 759]

VM Operations (20 events):
Event: 3.712 Executing VM operation: HandshakeAllThreads
Event: 3.712 Executing VM operation: HandshakeAllThreads done
Event: 3.743 Executing VM operation: G1CollectForAllocation
Event: 3.750 Executing VM operation: G1CollectForAllocation done
Event: 3.756 Executing VM operation: HandshakeAllThreads
Event: 3.756 Executing VM operation: HandshakeAllThreads done
Event: 3.852 Executing VM operation: HandshakeAllThreads
Event: 3.852 Executing VM operation: HandshakeAllThreads done
Event: 4.062 Executing VM operation: HandshakeAllThreads
Event: 4.062 Executing VM operation: HandshakeAllThreads done
Event: 4.256 Executing VM operation: HandshakeAllThreads
Event: 4.256 Executing VM operation: HandshakeAllThreads done
Event: 4.258 Executing VM operation: HandshakeAllThreads
Event: 4.258 Executing VM operation: HandshakeAllThreads done
Event: 4.275 Executing VM operation: G1CollectForAllocation
Event: 4.279 Executing VM operation: G1CollectForAllocation done
Event: 5.835 Executing VM operation: HandshakeAllThreads
Event: 5.835 Executing VM operation: HandshakeAllThreads done
Event: 5.835 Executing VM operation: Cleanup
Event: 5.836 Executing VM operation: Cleanup done

Events (20 events):
Event: 5.861 loading class java/util/stream/LongPipeline
Event: 5.862 loading class java/util/stream/LongStream
Event: 5.862 loading class java/util/stream/LongStream done
Event: 5.862 loading class java/util/stream/LongPipeline done
Event: 5.862 loading class java/util/stream/LongPipeline$StatelessOp done
Event: 5.862 loading class java/util/stream/ReferencePipeline$5 done
Event: 5.862 loading class java/util/stream/FindOps$FindSink$OfLong
Event: 5.862 loading class java/util/stream/Sink$OfLong
Event: 5.862 loading class java/util/function/LongConsumer
Event: 5.862 loading class java/util/function/LongConsumer done
Event: 5.862 loading class java/util/stream/Sink$OfLong done
Event: 5.862 loading class java/util/stream/FindOps$FindSink$OfLong done
Event: 5.862 loading class java/util/OptionalLong
Event: 5.863 loading class java/util/OptionalLong done
Event: 5.865 loading class java/util/stream/ReferencePipeline$5$1
Event: 5.865 loading class java/util/stream/ReferencePipeline$5$1 done
Event: 5.979 loading class java/util/DualPivotQuicksort
Event: 5.979 loading class java/util/DualPivotQuicksort done
Event: 6.163 Thread 0x000001dc357d43c0 Thread added: 0x000001dc357d43c0
Event: 6.166 Thread 0x000001dc357d5700 Thread added: 0x000001dc357d5700


Dynamic libraries:
0x00007ff629a50000 - 0x00007ff629a5e000 	C:\Users\Lenovo\OneDrive\Desktop\New folder (3)\eclipse\plugins\org.eclipse.justj.openjdk.hotspot.jre.full.win32.x86_64_17.0.7.v20230425-1502\jre\bin\javaw.exe
0x00007ffe00a30000 - 0x00007ffe00c47000 	C:\WINDOWS\SYSTEM32\ntdll.dll
0x00007ffdfff00000 - 0x00007ffdfffc4000 	C:\WINDOWS\System32\KERNEL32.DLL
0x00007ffdfe150000 - 0x00007ffdfe4f6000 	C:\WINDOWS\System32\KERNELBASE.dll
0x00007ffdfe530000 - 0x00007ffdfe641000 	C:\WINDOWS\System32\ucrtbase.dll
0x00007ffdf6220000 - 0x00007ffdf6237000 	C:\Users\Lenovo\OneDrive\Desktop\New folder (3)\eclipse\plugins\org.eclipse.justj.openjdk.hotspot.jre.full.win32.x86_64_17.0.7.v20230425-1502\jre\bin\jli.dll
0x00007ffdff970000 - 0x00007ffdffb1e000 	C:\WINDOWS\System32\USER32.dll
0x00007ffdfe500000 - 0x00007ffdfe526000 	C:\WINDOWS\System32\win32u.dll
0x00007ffdfe780000 - 0x00007ffdfe7a9000 	C:\WINDOWS\System32\GDI32.dll
0x00007ffdfdfb0000 - 0x00007ffdfe0c8000 	C:\WINDOWS\System32\gdi32full.dll
0x00007ffdfdd70000 - 0x00007ffdfde0a000 	C:\WINDOWS\System32\msvcp_win.dll
0x00007ffdf4b90000 - 0x00007ffdf4ba9000 	C:\Users\Lenovo\OneDrive\Desktop\New folder (3)\eclipse\plugins\org.eclipse.justj.openjdk.hotspot.jre.full.win32.x86_64_17.0.7.v20230425-1502\jre\bin\VCRUNTIME140.dll
0x00007ffdea7d0000 - 0x00007ffdeaa63000 	C:\WINDOWS\WinSxS\amd64_microsoft.windows.common-controls_6595b64144ccf1df_6.0.22621.2506_none_270c5ae97388e100\COMCTL32.dll
0x00007ffdfe8c0000 - 0x00007ffdfe967000 	C:\WINDOWS\System32\msvcrt.dll
0x00007ffdffc80000 - 0x00007ffdffcb1000 	C:\WINDOWS\System32\IMM32.DLL
0x00007ffdfad40000 - 0x00007ffdfad4c000 	C:\Users\Lenovo\OneDrive\Desktop\New folder (3)\eclipse\plugins\org.eclipse.justj.openjdk.hotspot.jre.full.win32.x86_64_17.0.7.v20230425-1502\jre\bin\vcruntime140_1.dll
0x00007ffdec3c0000 - 0x00007ffdec451000 	C:\Users\Lenovo\OneDrive\Desktop\New folder (3)\eclipse\plugins\org.eclipse.justj.openjdk.hotspot.jre.full.win32.x86_64_17.0.7.v20230425-1502\jre\bin\msvcp140.dll
0x00007ffdbc4e0000 - 0x00007ffdbd128000 	C:\Users\Lenovo\OneDrive\Desktop\New folder (3)\eclipse\plugins\org.eclipse.justj.openjdk.hotspot.jre.full.win32.x86_64_17.0.7.v20230425-1502\jre\bin\server\jvm.dll
0x00007ffe00270000 - 0x00007ffe00323000 	C:\WINDOWS\System32\ADVAPI32.dll
0x00007ffdffb90000 - 0x00007ffdffc38000 	C:\WINDOWS\System32\sechost.dll
0x00007ffdfde10000 - 0x00007ffdfde38000 	C:\WINDOWS\System32\bcrypt.dll
0x00007ffdffcc0000 - 0x00007ffdffdd7000 	C:\WINDOWS\System32\RPCRT4.dll
0x00007ffdf49d0000 - 0x00007ffdf49d9000 	C:\WINDOWS\SYSTEM32\WSOCK32.dll
0x00007ffe00970000 - 0x00007ffe009e1000 	C:\WINDOWS\System32\WS2_32.dll
0x00007ffdf4980000 - 0x00007ffdf49b4000 	C:\WINDOWS\SYSTEM32\WINMM.dll
0x00007ffdf44d0000 - 0x00007ffdf44da000 	C:\WINDOWS\SYSTEM32\VERSION.dll
0x00007ffdfcdb0000 - 0x00007ffdfcdc8000 	C:\WINDOWS\SYSTEM32\kernel.appcore.dll
0x00007ffded380000 - 0x00007ffded38a000 	C:\Users\Lenovo\OneDrive\Desktop\New folder (3)\eclipse\plugins\org.eclipse.justj.openjdk.hotspot.jre.full.win32.x86_64_17.0.7.v20230425-1502\jre\bin\jimage.dll
0x00007ffdfb700000 - 0x00007ffdfb933000 	C:\WINDOWS\SYSTEM32\DBGHELP.DLL
0x00007ffdfe970000 - 0x00007ffdfecf9000 	C:\WINDOWS\System32\combase.dll
0x00007ffe00130000 - 0x00007ffe00207000 	C:\WINDOWS\System32\OLEAUT32.dll
0x00007ffde21f0000 - 0x00007ffde2222000 	C:\WINDOWS\SYSTEM32\dbgcore.DLL
0x00007ffdfe0d0000 - 0x00007ffdfe14a000 	C:\WINDOWS\System32\bcryptPrimitives.dll
0x00007ffdeadc0000 - 0x00007ffdeade5000 	C:\Users\Lenovo\OneDrive\Desktop\New folder (3)\eclipse\plugins\org.eclipse.justj.openjdk.hotspot.jre.full.win32.x86_64_17.0.7.v20230425-1502\jre\bin\java.dll
0x00007ffde8960000 - 0x00007ffde8978000 	C:\Users\Lenovo\OneDrive\Desktop\New folder (3)\eclipse\plugins\org.eclipse.justj.openjdk.hotspot.jre.full.win32.x86_64_17.0.7.v20230425-1502\jre\bin\zip.dll
0x00007ffdfeea0000 - 0x00007ffdff6fb000 	C:\WINDOWS\System32\SHELL32.dll
0x00007ffdfbcd0000 - 0x00007ffdfc5c6000 	C:\WINDOWS\SYSTEM32\windows.storage.dll
0x00007ffdfbb90000 - 0x00007ffdfbcce000 	C:\WINDOWS\SYSTEM32\wintypes.dll
0x00007ffdff700000 - 0x00007ffdff7f3000 	C:\WINDOWS\System32\SHCORE.dll
0x00007ffdff910000 - 0x00007ffdff96e000 	C:\WINDOWS\System32\shlwapi.dll
0x00007ffdfdca0000 - 0x00007ffdfdcc6000 	C:\WINDOWS\SYSTEM32\profapi.dll
0x00007ffde83a0000 - 0x00007ffde83b9000 	C:\Users\Lenovo\OneDrive\Desktop\New folder (3)\eclipse\plugins\org.eclipse.justj.openjdk.hotspot.jre.full.win32.x86_64_17.0.7.v20230425-1502\jre\bin\net.dll
0x00007ffdf6070000 - 0x00007ffdf61a7000 	C:\WINDOWS\SYSTEM32\WINHTTP.dll
0x00007ffdfd230000 - 0x00007ffdfd299000 	C:\WINDOWS\system32\mswsock.dll
0x00007ffde8080000 - 0x00007ffde8095000 	C:\Users\Lenovo\OneDrive\Desktop\New folder (3)\eclipse\plugins\org.eclipse.justj.openjdk.hotspot.jre.full.win32.x86_64_17.0.7.v20230425-1502\jre\bin\nio.dll
0x00007ffdfc8a0000 - 0x00007ffdfc999000 	C:\WINDOWS\SYSTEM32\DNSAPI.dll
0x00007ffdfc830000 - 0x00007ffdfc85d000 	C:\WINDOWS\SYSTEM32\IPHLPAPI.DLL
0x00007ffdff900000 - 0x00007ffdff909000 	C:\WINDOWS\System32\NSI.dll
0x00007ffdeaaf0000 - 0x00007ffdeaafa000 	C:\Windows\System32\rasadhlp.dll
0x00007ffdf2ff0000 - 0x00007ffdf3073000 	C:\WINDOWS\System32\fwpuclnt.dll
0x00007ffdeec50000 - 0x00007ffdeec5e000 	C:\Users\Lenovo\OneDrive\Desktop\New folder (3)\eclipse\plugins\org.eclipse.justj.openjdk.hotspot.jre.full.win32.x86_64_17.0.7.v20230425-1502\jre\bin\sunmscapi.dll
0x00007ffdfde40000 - 0x00007ffdfdfa6000 	C:\WINDOWS\System32\CRYPT32.dll
0x00007ffdfd640000 - 0x00007ffdfd66e000 	C:\WINDOWS\SYSTEM32\ncrypt.dll
0x00007ffdfd600000 - 0x00007ffdfd637000 	C:\WINDOWS\SYSTEM32\NTASN1.dll
0x00007ffdfd480000 - 0x00007ffdfd49b000 	C:\WINDOWS\SYSTEM32\CRYPTSP.dll
0x00007ffdfcd10000 - 0x00007ffdfcd45000 	C:\WINDOWS\system32\rsaenh.dll
0x00007ffdfd320000 - 0x00007ffdfd34c000 	C:\WINDOWS\SYSTEM32\USERENV.dll
0x00007ffdfd4a0000 - 0x00007ffdfd4ac000 	C:\WINDOWS\SYSTEM32\CRYPTBASE.dll
0x00007ffdf5fe0000 - 0x00007ffdf5ff9000 	C:\WINDOWS\SYSTEM32\dhcpcsvc6.DLL
0x00007ffdf5c20000 - 0x00007ffdf5c3f000 	C:\WINDOWS\SYSTEM32\dhcpcsvc.DLL
0x00007ffdeedb0000 - 0x00007ffdeedb8000 	C:\WINDOWS\system32\wshunix.dll

dbghelp: loaded successfully - version: 4.0.5 - missing functions: none
symbol engine: initialized successfully - sym options: 0x614 - pdb path: .;C:\Users\Lenovo\OneDrive\Desktop\New folder (3)\eclipse\plugins\org.eclipse.justj.openjdk.hotspot.jre.full.win32.x86_64_17.0.7.v20230425-1502\jre\bin;C:\WINDOWS\SYSTEM32;C:\WINDOWS\WinSxS\amd64_microsoft.windows.common-controls_6595b64144ccf1df_6.0.22621.2506_none_270c5ae97388e100;C:\Users\Lenovo\OneDrive\Desktop\New folder (3)\eclipse\plugins\org.eclipse.justj.openjdk.hotspot.jre.full.win32.x86_64_17.0.7.v20230425-1502\jre\bin\server

VM Arguments:
jvm_args: -Dfile.encoding=UTF-8 -XX:+ShowCodeDetailsInExceptionMessages 
java_command: FunctionalTesting.FunctionalTesting
java_class_path (initial): C:\Users\Lenovo\OneDrive\Desktop\DealsDray\DealsDray\target\test-classes;C:\Users\Lenovo\OneDrive\Desktop\DealsDray\DealsDray\target\classes;C:\Users\Lenovo\.m2\repository\org\seleniumhq\selenium\selenium-java\4.16.1\selenium-java-4.16.1.jar;C:\Users\Lenovo\.m2\repository\org\seleniumhq\selenium\selenium-api\4.16.1\selenium-api-4.16.1.jar;C:\Users\Lenovo\.m2\repository\org\seleniumhq\selenium\selenium-chrome-driver\4.16.1\selenium-chrome-driver-4.16.1.jar;C:\Users\Lenovo\.m2\repository\com\google\auto\service\auto-service-annotations\1.1.1\auto-service-annotations-1.1.1.jar;C:\Users\Lenovo\.m2\repository\org\seleniumhq\selenium\selenium-chromium-driver\4.16.1\selenium-chromium-driver-4.16.1.jar;C:\Users\Lenovo\.m2\repository\org\seleniumhq\selenium\selenium-json\4.16.1\selenium-json-4.16.1.jar;C:\Users\Lenovo\.m2\repository\org\seleniumhq\selenium\selenium-manager\4.16.1\selenium-manager-4.16.1.jar;C:\Users\Lenovo\.m2\repository\org\seleniumhq\selenium\selenium-devtools-v118\4.16.1\selenium-devtools-v118-4.16.1.jar;C:\Users\Lenovo\.m2\repository\org\seleniumhq\selenium\selenium-devtools-v119\4.16.1\selenium-devtools-v119-4.16.1.jar;C:\Users\Lenovo\.m2\repository\org\seleniumhq\selenium\selenium-devtools-v120\4.16.1\selenium-devtools-v120-4.16.1.jar;C:\Users\Lenovo\.m2\repository\org\seleniumhq\selenium\selenium-devtools-v85\4.16.1\selenium-devtools-v85-4.16.1.jar;C:\Users\Lenovo\.m2\repository\org\seleniumhq\selenium\selenium-edge-driver\4.16.1\selenium-edge-driver-4.16.1.jar;C:\Users\Lenovo\.m2\repository\org\seleniumhq\selenium\selenium-firefox-driver\4.16.1\selenium-firefox-driver-4.16.1.jar;C:\Users\Lenovo\.m2\repository\org\seleniumhq\selenium\selenium-http\4.16.1\selenium-http-4.16.1.jar;C:\Users\Lenovo\.m2\repository\dev\failsafe\failsafe\3.3.2\failsafe-3.3.2.jar;C:\Users\Lenovo\.m2\repository\org\seleniumhq\selenium\selenium-ie-driver\4.16.1\selenium-ie-driver-4.16.1.jar;C:\Users\Lenovo\.m2\repository\org\seleniumhq\selenium\sele
Launcher Type: SUN_STANDARD

[Global flags]
     intx CICompilerCount                          = 3                                         {product} {ergonomic}
     uint ConcGCThreads                            = 1                                         {product} {ergonomic}
     uint G1ConcRefinementThreads                  = 4                                         {product} {ergonomic}
   size_t G1HeapRegionSize                         = 1048576                                   {product} {ergonomic}
    uintx GCDrainStackTargetSize                   = 64                                        {product} {ergonomic}
   size_t InitialHeapSize                          = 65011712                                  {product} {ergonomic}
   size_t MarkStackSize                            = 4194304                                   {product} {ergonomic}
   size_t MaxHeapSize                              = 1021313024                                {product} {ergonomic}
   size_t MaxNewSize                               = 612368384                                 {product} {ergonomic}
   size_t MinHeapDeltaBytes                        = 1048576                                   {product} {ergonomic}
   size_t MinHeapSize                              = 8388608                                   {product} {ergonomic}
    uintx NonNMethodCodeHeapSize                   = 5832780                                {pd product} {ergonomic}
    uintx NonProfiledCodeHeapSize                  = 122912730                              {pd product} {ergonomic}
    uintx ProfiledCodeHeapSize                     = 122912730                              {pd product} {ergonomic}
    uintx ReservedCodeCacheSize                    = 251658240                              {pd product} {ergonomic}
     bool SegmentedCodeCache                       = true                                      {product} {ergonomic}
     bool ShowCodeDetailsInExceptionMessages       = true                                   {manageable} {command line}
   size_t SoftMaxHeapSize                          = 1021313024                             {manageable} {ergonomic}
     bool UseCompressedClassPointers               = true                           {product lp64_product} {ergonomic}
     bool UseCompressedOops                        = true                           {product lp64_product} {ergonomic}
     bool UseG1GC                                  = true                                      {product} {ergonomic}
     bool UseLargePagesIndividualAllocation        = false                                  {pd product} {ergonomic}

Logging:
Log output configuration:
 #0: stdout all=warning uptime,level,tags
 #1: stderr all=off uptime,level,tags

Environment Variables:
PATH=C:/Users/Lenovo/OneDrive/Desktop/New folder (3)/eclipse//plugins/org.eclipse.justj.openjdk.hotspot.jre.full.win32.x86_64_17.0.7.v20230425-1502/jre/bin/server;C:/Users/Lenovo/OneDrive/Desktop/New folder (3)/eclipse//plugins/org.eclipse.justj.openjdk.hotspot.jre.full.win32.x86_64_17.0.7.v20230425-1502/jre/bin;C:\Python312\Scripts\;C:\Python312\;C:\Program Files\Common Files\Oracle\Java\javapath;D:\oracle\product\10.2.0\db_1\bin;C:\WINDOWS\system32;C:\WINDOWS;C:\WINDOWS\System32\Wbem;C:\WINDOWS\System32\WindowsPowerShell\v1.0\;C:\WINDOWS\System32\OpenSSH\;C:\MinGW\bin;C:\Program Files\Java\jdk-11.0.15.1\bin;C:\ProgramData\chocolatey\bin;C:\Program Files\nodejs\;C:\Program Files\Git\cmd;C:\Users\Lenovo\AppData\Local\Android\Sdk\tools\bin;C:\Users\Lenovo\AppData\Local\Android\Sdk\tools;C:\Users\Lenovo\AppData\Local\Android\Sdk\platform-tools;%MAVEN_HOME%\bin;C:\Users\Lenovo\AppData\Local\Microsoft\WindowsApps;C:\Users\Lenovo\AppData\Local\Programs\Microsoft VS Code\bin;C:\Program Files\Java\jdk-11.0.15.1\bin;C:\Users\Lenovo\AppData\Roaming\npm;C:\Users\Lenovo\OneDrive\Desktop\New folder (3)\eclipse;
USERNAME=Lenovo
OS=Windows_NT
PROCESSOR_IDENTIFIER=Intel64 Family 6 Model 126 Stepping 5, GenuineIntel
TMP=C:\Users\Lenovo\AppData\Local\Temp
TEMP=C:\Users\Lenovo\AppData\Local\Temp



---------------  S Y S T E M  ---------------

OS:
 Windows 11 , 64 bit Build 22621 (10.0.22621.3085)
OS uptime: 3 days 23:40 hours

CPU: total 4 (initial active 4) (2 cores per cpu, 2 threads per core) family 6 model 126 stepping 5 microcode 0xa0, cx8, cmov, fxsr, ht, mmx, 3dnowpref, sse, sse2, sse3, ssse3, sse4.1, sse4.2, popcnt, lzcnt, tsc, tscinvbit, avx, avx2, aes, erms, clmul, bmi1, bmi2, adx, avx512f, avx512dq, avx512cd, avx512bw, avx512vl, sha, fma, vzeroupper, avx512_vpopcntdq, avx512_vpclmulqdq, avx512_vaes, avx512_vnni, clflush, clflushopt, avx512_vbmi2, avx512_vbmi

Memory: 4k page, system-wide physical 3891M (103M free)
TotalPageFile size 15667M (AvailPageFile size 4M)
current process WorkingSet (physical memory assigned to process): 93M, peak: 93M
current process commit charge ("private bytes"): 159M, peak: 160M

vm_info: OpenJDK 64-Bit Server VM (17.0.7+7) for windows-amd64 JRE (17.0.7+7), built on Apr 18 2023 22:10:42 by "temurin" with MS VC++ 16.7 (VS2019)

END.
